[2025-04-08T12:28:13.923Z] INFO: MongoDB connected: localhost
[2025-04-08T12:29:55.591Z] INFO: MongoDB connected: localhost
[2025-04-08T12:41:56.546Z] INFO: MongoDB connected: localhost
[2025-04-08T12:49:37.777Z] INFO: MongoDB connected: localhost
[2025-04-08T13:15:48.088Z] INFO: MongoDB connected: localhost
[2025-04-08T13:19:59.728Z] INFO: MongoDB connected: localhost
[2025-04-08T13:22:13.468Z] INFO: MongoDB connected: localhost
[2025-04-08T14:59:36.395Z] INFO: Running in development mode
[2025-04-08T14:59:36.535Z] INFO: MongoDB connected: localhost
[2025-04-08T14:59:39.883Z] INFO: Running in development mode
[2025-04-08T14:59:39.922Z] INFO: MongoDB connected: localhost
[2025-04-08T14:59:45.259Z] INFO: Running in development mode
[2025-04-08T14:59:45.299Z] INFO: MongoDB connected: localhost
[2025-04-08T15:03:15.492Z] INFO: Running in development mode
[2025-04-08T15:03:15.528Z] INFO: MongoDB connected: localhost
[2025-04-08T15:03:16.792Z] INFO: Running in development mode
[2025-04-08T15:03:16.831Z] INFO: MongoDB connected: localhost
[2025-04-08T15:03:18.054Z] INFO: Running in development mode
[2025-04-08T15:03:18.095Z] INFO: MongoDB connected: localhost
[2025-04-08T15:03:19.720Z] INFO: Running in development mode
[2025-04-08T15:03:19.765Z] INFO: MongoDB connected: localhost
[2025-04-08T15:03:24.943Z] INFO: Running in development mode
[2025-04-08T15:03:24.980Z] INFO: MongoDB connected: localhost
[2025-04-08T15:03:25.957Z] INFO: Running in development mode
[2025-04-08T15:03:25.996Z] INFO: MongoDB connected: localhost
[2025-04-08T15:03:32.445Z] INFO: Running in development mode
[2025-04-08T15:03:32.484Z] INFO: MongoDB connected: localhost
[2025-04-08T15:03:34.613Z] INFO: Running in development mode
[2025-04-08T15:03:34.653Z] INFO: MongoDB connected: localhost
[2025-04-08T15:03:51.872Z] INFO: [32mRunning in development mode[0m
[2025-04-08T15:03:51.911Z] INFO: [32mMongoDB connected: localhost[0m
[2025-04-08T15:06:19.175Z] INFO: [32mRunning in development mode[0m
[2025-04-08T15:06:19.226Z] INFO: [32mMongoDB connected: localhost[0m
[2025-04-08 20:37:19] INFO: [34mRunning in development mode[0m
[2025-04-08 20:37:20] INFO: [34mMongoDB connected: localhost[0m
[2025-04-08 20:40:18] INFO: [34mRunning in development mode[0m
[2025-04-08 20:40:18] INFO: [34mMongoDB connected: localhost[0m
[2025-04-08 21:30:41] INFO: [34mRunning in development mode[0m
[2025-04-08 21:30:41] INFO: [34mMongoDB connected: localhost[0m
[2025-04-10 00:39:35] INFO: [34mMongoDB connected: localhost[0m
[2025-04-10 17:14:23] INFO: [34mMongoDB connected: localhost[0m
[2025-04-10 17:15:51] INFO: [34mMongoDB connected: localhost[0m
[2025-04-11 16:52:14] INFO: [34mRunning in development mode[0m
[2025-04-11 19:31:22] INFO: [34mRunning in development mode[0m
[2025-04-11 21:35:11] INFO: [34mRunning in development mode[0m
[2025-04-11 21:35:11] INFO: [34mMongoDB connected: localhost[0m
[2025-04-11 21:38:29] INFO: [34mRunning in development mode[0m
[2025-04-11 21:38:29] INFO: [34mMongoDB connected: localhost[0m
[2025-04-11 21:38:34] INFO: [34mRunning in development mode[0m
[2025-04-11 21:38:34] INFO: [34mMongoDB connected: localhost[0m
[2025-04-11 21:38:39] INFO: [34mRunning in development mode[0m
[2025-04-11 21:38:39] INFO: [34mMongoDB connected: localhost[0m
[2025-04-11 21:39:04] INFO: [34mRunning in development mode[0m
[2025-04-11 21:39:04] INFO: [34mMongoDB connected: localhost[0m
[2025-04-12 00:33:58] INFO: [34mRunning in development mode[0m
[2025-04-12 00:33:58] INFO: [34mMongoDB connected: localhost[0m
[2025-04-12 01:04:58] INFO: [34mRunning in development mode[0m
[2025-04-12 01:04:59] INFO: [34mMongoDB connected: localhost[0m
[2025-04-12 01:09:50] INFO: [34mRunning in development mode[0m
[2025-04-12 01:09:50] INFO: [34mMongoDB connected: localhost[0m
[2025-04-12 01:10:02] INFO: [34mRunning in development mode[0m
[2025-04-12 01:10:03] INFO: [34mMongoDB connected: localhost[0m
[2025-04-12 01:10:05] INFO: [34mRunning in development mode[0m
[2025-04-12 01:10:05] INFO: [34mMongoDB connected: localhost[0m
[2025-04-12 01:10:07] INFO: [34mRunning in development mode[0m
[2025-04-12 01:10:07] INFO: [34mMongoDB connected: localhost[0m
[2025-04-12 01:10:09] INFO: [34mRunning in development mode[0m
[2025-04-12 01:10:09] INFO: [34mMongoDB connected: localhost[0m
[2025-04-12 01:10:11] INFO: [34mRunning in development mode[0m
[2025-04-12 01:10:11] INFO: [34mMongoDB connected: localhost[0m
[2025-04-12 01:10:13] INFO: [34mRunning in development mode[0m
[2025-04-12 01:10:13] INFO: [34mMongoDB connected: localhost[0m
[2025-04-12 01:10:16] INFO: [34mRunning in development mode[0m
[2025-04-12 01:10:16] INFO: [34mMongoDB connected: localhost[0m
[2025-04-12 01:12:19] INFO: [34mRunning in development mode[0m
[2025-04-12 01:12:20] INFO: [34mMongoDB connected: localhost[0m
